c:\users\admin\desktop\проект qr code\qr_module_alpha\x64\debug\vc143.pdb
c:\users\admin\desktop\проект qr code\qr_module_alpha\x64\debug\vc143.idb
c:\users\admin\desktop\проект qr code\qr_module_alpha\x64\debug\tableshandlers.obj
c:\users\admin\desktop\проект qr code\qr_module_alpha\x64\debug\module.obj
c:\users\admin\desktop\проект qr code\qr_module_alpha\x64\debug\qrfunctions.obj
c:\users\admin\desktop\проект qr code\qr_module_alpha\x64\debug\qrcode.obj
c:\users\admin\desktop\проект qr code\qr_module_alpha\x64\debug\matrix.obj
c:\users\admin\desktop\проект qr code\qr_module_alpha\x64\debug\inputoutput.obj
c:\users\admin\desktop\проект qr code\qr_module_alpha\x64\debug\databases.obj
c:\users\admin\desktop\проект qr code\qr_module_alpha\x64\debug\boolmatrix.obj
c:\users\admin\desktop\проект qr code\qr_module_alpha\x64\debug\qr_module_alpha.ilk
c:\users\admin\desktop\проект qr code\qr_module_alpha\x64\debug\qr_module_alpha.pyd
c:\users\admin\desktop\проект qr code\qr_module_alpha\x64\debug\qr_module_alpha.pdb
c:\users\admin\desktop\проект qr code\qr_module_alpha\x64\debug\qr_module_alpha.lib
c:\users\admin\desktop\проект qr code\qr_module_alpha\x64\debug\qr_module_alpha.exp
c:\users\admin\desktop\проект qr code\qr_module_alpha\x64\debug\qr_module_alpha.tlog\cl.command.1.tlog
c:\users\admin\desktop\проект qr code\qr_module_alpha\x64\debug\qr_module_alpha.tlog\cl.read.1.tlog
c:\users\admin\desktop\проект qr code\qr_module_alpha\x64\debug\qr_module_alpha.tlog\cl.write.1.tlog
c:\users\admin\desktop\проект qr code\qr_module_alpha\x64\debug\qr_module_alpha.tlog\link.command.1.tlog
c:\users\admin\desktop\проект qr code\qr_module_alpha\x64\debug\qr_module_alpha.tlog\link.read.1.tlog
c:\users\admin\desktop\проект qr code\qr_module_alpha\x64\debug\qr_module_alpha.tlog\link.write.1.tlog
c:\users\admin\desktop\проект qr code\qr_module_alpha\x64\debug\qr_module_alpha.tlog\link.write.2u.tlog
